<?xml version="1.0" encoding="UTF-8"?>
<!-- Generated by org.testng.reporters.JUnitXMLReporter -->
<testsuite ignored="0" hostname="IN-PG02NJQL" failures="0" tests="1" name="Default test" time="0.034" errors="0" timestamp="2022-10-06T23:57:02 IST">
  <testcase classname="training.assignment.base.BasePage" name="@BeforeSuite initializeWebdriver" time="-1.665080822153E9">
    <failure type="org.testng.TestNGException" message="
Parameter &amp;apos;browser&amp;apos; is required by BeforeSuite on method initializeWebdriver but has not been marked @Optional or defined
in C:\Users\yogesh05\AppData\Local\Temp\testng-eclipse-1308237816\testng-customsuite.xml">
      <![CDATA[org.testng.TestNGException: 
Parameter 'browser' is required by BeforeSuite on method initializeWebdriver but has not been marked @Optional or defined
in C:\Users\yogesh05\AppData\Local\Temp\testng-eclipse-1308237816\testng-customsuite.xml
at org.testng.internal.Parameters.createParams(Parameters.java:267)
at org.testng.internal.Parameters.createParametersForMethod(Parameters.java:355)
at org.testng.internal.Parameters.createParameters(Parameters.java:660)
at org.testng.internal.Parameters.createConfigurationParameters(Parameters.java:166)
at org.testng.internal.invokers.ConfigInvoker.invokeConfigurations(ConfigInvoker.java:300)
at org.testng.SuiteRunner.privateRun(SuiteRunner.java:368)
at org.testng.SuiteRunner.run(SuiteRunner.java:326)
at org.testng.SuiteRunnerWorker.runSuite(SuiteRunnerWorker.java:52)
at org.testng.SuiteRunnerWorker.run(SuiteRunnerWorker.java:95)
at org.testng.TestNG.runSuitesSequentially(TestNG.java:1249)
at org.testng.TestNG.runSuitesLocally(TestNG.java:1169)
at org.testng.TestNG.runSuites(TestNG.java:1092)
at org.testng.TestNG.run(TestNG.java:1060)
at org.testng.remote.AbstractRemoteTestNG.run(AbstractRemoteTestNG.java:115)
at org.testng.remote.RemoteTestNG.initAndRun(RemoteTestNG.java:251)
at org.testng.remote.RemoteTestNG.main(RemoteTestNG.java:77)
]]>
    </failure>
  </testcase> <!-- @BeforeSuite initializeWebdriver -->
  <testcase classname="training.assignment.base.BasePage" name="@BeforeMethod enterurl" time="0.0">
    <skipped/>
  </testcase> <!-- @BeforeMethod enterurl -->
  <testcase classname="training.assignment.testcase.ProfileTest" name="@BeforeMethod login" time="0.0">
    <skipped/>
  </testcase> <!-- @BeforeMethod login -->
  <testcase classname="training.assignment.base.BasePage" name="@AfterMethod afterMethod" time="0.0">
    <skipped/>
  </testcase> <!-- @AfterMethod afterMethod -->
  <testcase classname="training.assignment.testcase.ProfileTest" name="Profile" time="0.0">
    <skipped/>
  </testcase> <!-- Profile -->
</testsuite> <!-- Default test -->
